Building DAG of jobs...
Using shell: /usr/bin/bash
Provided cores: 12
Rules claiming more threads will be scaled down.
Job stats:
job               count    min threads    max threads
--------------  -------  -------------  -------------
all                   1              1              1
quantify_genes        2              1              1
total                 3              1              1

Select jobs to execute...

[Fri Mar 17 10:39:39 2023]
rule quantify_genes:
    input: snakemake-test/data/genome.fa, snakemake-test/data/Sample2.R1.fastq.gz, snakemake-test/data/Sample2.R2.fastq.gz
    output: results/Sample2.txt
    jobid: 2
    reason: Missing output files: results/Sample2.txt
    wildcards: sample=Sample2
    resources: tmpdir=/tmp


[Fri Mar 17 10:39:39 2023]
rule quantify_genes:
    input: snakemake-test/data/genome.fa, snakemake-test/data/Sample1.R1.fastq.gz, snakemake-test/data/Sample1.R2.fastq.gz
    output: results/Sample1.txt
    jobid: 1
    reason: Missing output files: results/Sample1.txt
    wildcards: sample=Sample1
    resources: tmpdir=/tmp

[Fri Mar 17 10:39:39 2023]
Finished job 2.
1 of 3 steps (33%) done
[Fri Mar 17 10:39:39 2023]
Finished job 1.
2 of 3 steps (67%) done
Select jobs to execute...

[Fri Mar 17 10:39:39 2023]
localrule all:
    input: results/Sample1.txt, results/Sample2.txt
    jobid: 0
    reason: Input files updated by another job: results/Sample2.txt, results/Sample1.txt
    resources: tmpdir=/tmp

[Fri Mar 17 10:39:39 2023]
Finished job 0.
3 of 3 steps (100%) done
Complete log: .snakemake/log/2023-03-17T103939.646962.snakemake.log
