Building DAG of jobs...
Using shell: /usr/bin/bash
Provided cores: 12
Rules claiming more threads will be scaled down.
Job stats:
job        count    min threads    max threads
-------  -------  -------------  -------------
bwa_map        2              1              1
total          2              1              1

Select jobs to execute...

[Fri Mar 17 11:14:50 2023]
Job 0: executing bwa mem on the following data/genome.fa data/samples/A.fastq to generate the following mapped_reads/A.bam
Reason: Missing output files: mapped_reads/A.bam


[Fri Mar 17 11:14:50 2023]
Job 1: executing bwa mem on the following data/genome.fa data/samples/B.fastq to generate the following mapped_reads/B.bam
Reason: Missing output files: mapped_reads/B.bam

[Fri Mar 17 11:14:51 2023]
Finished job 0.
1 of 2 steps (50%) done
[Fri Mar 17 11:14:51 2023]
Finished job 1.
2 of 2 steps (100%) done
Complete log: .snakemake/log/2023-03-17T111449.937723.snakemake.log
