Building DAG of jobs...
Using shell: /usr/bin/bash
Provided cores: 12
Rules claiming more threads will be scaled down.
Job stats:
job               count    min threads    max threads
--------------  -------  -------------  -------------
all                   1              1              1
bcftools_call         1              1              1
bwa_map               4              1              1
report                1              1              1
samtools_index        4              1              1
samtools_sort         4              1              1
total                15              1              1

Select jobs to execute...

[Fri Mar 17 11:40:23 2023]
Job 8: executing bwa mem on the following data/genome.fa data/samples/C.fastq to generate the following mapped_reads/C.bam
Reason: Missing output files: mapped_reads/C.bam


[Fri Mar 17 11:40:23 2023]
Job 10: executing bwa mem on the following data/genome.fa data/samples/D.fastq to generate the following mapped_reads/D.bam
Reason: Missing output files: mapped_reads/D.bam


[Fri Mar 17 11:40:23 2023]
Job 4: executing bwa mem on the following data/genome.fa data/samples/A.fastq to generate the following mapped_reads/A.bam
Reason: Missing output files: mapped_reads/A.bam


[Fri Mar 17 11:40:23 2023]
Job 6: executing bwa mem on the following data/genome.fa data/samples/B.fastq to generate the following mapped_reads/B.bam
Reason: Missing output files: mapped_reads/B.bam

[Fri Mar 17 11:40:25 2023]
Finished job 6.
1 of 15 steps (7%) done
Select jobs to execute...

[Fri Mar 17 11:40:25 2023]
rule samtools_sort:
    input: mapped_reads/B.bam
    output: sorted_reads/B.bam
    jobid: 5
    reason: Missing output files: sorted_reads/B.bam; Input files updated by another job: mapped_reads/B.bam
    wildcards: sample=B
    resources: tmpdir=/tmp

[Fri Mar 17 11:40:25 2023]
Finished job 8.
2 of 15 steps (13%) done
Select jobs to execute...

[Fri Mar 17 11:40:25 2023]
rule samtools_sort:
    input: mapped_reads/C.bam
    output: sorted_reads/C.bam
    jobid: 7
    reason: Missing output files: sorted_reads/C.bam; Input files updated by another job: mapped_reads/C.bam
    wildcards: sample=C
    resources: tmpdir=/tmp

[Fri Mar 17 11:40:25 2023]
Finished job 10.
3 of 15 steps (20%) done
Select jobs to execute...

[Fri Mar 17 11:40:25 2023]
rule samtools_sort:
    input: mapped_reads/D.bam
    output: sorted_reads/D.bam
    jobid: 9
    reason: Missing output files: sorted_reads/D.bam; Input files updated by another job: mapped_reads/D.bam
    wildcards: sample=D
    resources: tmpdir=/tmp

[Fri Mar 17 11:40:25 2023]
Finished job 4.
4 of 15 steps (27%) done
Select jobs to execute...

[Fri Mar 17 11:40:25 2023]
rule samtools_sort:
    input: mapped_reads/A.bam
    output: sorted_reads/A.bam
    jobid: 3
    reason: Missing output files: sorted_reads/A.bam; Input files updated by another job: mapped_reads/A.bam
    wildcards: sample=A
    resources: tmpdir=/tmp

[Fri Mar 17 11:40:25 2023]
Finished job 5.
5 of 15 steps (33%) done
Select jobs to execute...

[Fri Mar 17 11:40:25 2023]
rule samtools_index:
    input: sorted_reads/B.bam
    output: sorted_reads/B.bam.bai
    jobid: 12
    reason: Missing output files: sorted_reads/B.bam.bai; Input files updated by another job: sorted_reads/B.bam
    wildcards: sample=B
    resources: tmpdir=/tmp

[Fri Mar 17 11:40:25 2023]
Finished job 7.
6 of 15 steps (40%) done
Select jobs to execute...

[Fri Mar 17 11:40:25 2023]
rule samtools_index:
    input: sorted_reads/C.bam
    output: sorted_reads/C.bam.bai
    jobid: 13
    reason: Missing output files: sorted_reads/C.bam.bai; Input files updated by another job: sorted_reads/C.bam
    wildcards: sample=C
    resources: tmpdir=/tmp

[Fri Mar 17 11:40:25 2023]
Finished job 12.
7 of 15 steps (47%) done
[Fri Mar 17 11:40:25 2023]
Finished job 13.
8 of 15 steps (53%) done
[Fri Mar 17 11:40:25 2023]
Finished job 9.
9 of 15 steps (60%) done
Select jobs to execute...

[Fri Mar 17 11:40:25 2023]
rule samtools_index:
    input: sorted_reads/D.bam
    output: sorted_reads/D.bam.bai
    jobid: 14
    reason: Missing output files: sorted_reads/D.bam.bai; Input files updated by another job: sorted_reads/D.bam
    wildcards: sample=D
    resources: tmpdir=/tmp

[Fri Mar 17 11:40:25 2023]
Finished job 3.
10 of 15 steps (67%) done
Select jobs to execute...

[Fri Mar 17 11:40:25 2023]
rule samtools_index:
    input: sorted_reads/A.bam
    output: sorted_reads/A.bam.bai
    jobid: 11
    reason: Missing output files: sorted_reads/A.bam.bai; Input files updated by another job: sorted_reads/A.bam
    wildcards: sample=A
    resources: tmpdir=/tmp

[Fri Mar 17 11:40:25 2023]
Finished job 14.
11 of 15 steps (73%) done
[Fri Mar 17 11:40:25 2023]
Finished job 11.
12 of 15 steps (80%) done
Select jobs to execute...

[Fri Mar 17 11:40:25 2023]
rule bcftools_call:
    input: data/genome.fa, sorted_reads/A.bam, sorted_reads/B.bam, sorted_reads/C.bam, sorted_reads/D.bam, sorted_reads/A.bam.bai, sorted_reads/B.bam.bai, sorted_reads/C.bam.bai, sorted_reads/D.bam.bai
    output: calls/all.vcf
    jobid: 2
    reason: Missing output files: calls/all.vcf; Input files updated by another job: sorted_reads/B.bam.bai, sorted_reads/A.bam, sorted_reads/A.bam.bai, sorted_reads/B.bam, sorted_reads/C.bam, sorted_reads/C.bam.bai, sorted_reads/D.bam, sorted_reads/D.bam.bai
    resources: tmpdir=/tmp

[Fri Mar 17 11:40:26 2023]
Finished job 2.
13 of 15 steps (87%) done
Select jobs to execute...

[Fri Mar 17 11:40:26 2023]
rule report:
    input: calls/all.vcf
    output: out.html
    jobid: 1
    reason: Missing output files: out.html; Input files updated by another job: calls/all.vcf
    resources: tmpdir=/tmp

[Fri Mar 17 11:40:27 2023]
Finished job 1.
14 of 15 steps (93%) done
Select jobs to execute...

[Fri Mar 17 11:40:27 2023]
localrule all:
    input: out.html
    jobid: 0
    reason: Input files updated by another job: out.html
    resources: tmpdir=/tmp

[Fri Mar 17 11:40:27 2023]
Finished job 0.
15 of 15 steps (100%) done
Complete log: .snakemake/log/2023-03-17T114023.722878.snakemake.log
