Building DAG of jobs...
Using shell: /usr/bin/bash
Provided cores: 12
Rules claiming more threads will be scaled down.
Job stats:
job              count    min threads    max threads
-------------  -------  -------------  -------------
bwa_map              1              1              1
samtools_sort        3              1              1
total                4              1              1

Select jobs to execute...

[Fri Mar 17 11:15:38 2023]
Job 1: executing bwa mem on the following data/genome.fa data/samples/C.fastq to generate the following mapped_reads/C.bam
Reason: Missing output files: mapped_reads/C.bam


[Fri Mar 17 11:15:38 2023]
rule samtools_sort:
    input: mapped_reads/B.bam
    output: sorted_reads/B.bam
    jobid: 2
    reason: Missing output files: sorted_reads/B.bam
    wildcards: sample=B
    resources: tmpdir=/tmp


[Fri Mar 17 11:15:38 2023]
rule samtools_sort:
    input: mapped_reads/A.bam
    output: sorted_reads/A.bam
    jobid: 4
    reason: Missing output files: sorted_reads/A.bam
    wildcards: sample=A
    resources: tmpdir=/tmp

[Fri Mar 17 11:15:38 2023]
Finished job 4.
1 of 4 steps (25%) done
[Fri Mar 17 11:15:38 2023]
Finished job 2.
2 of 4 steps (50%) done
[Fri Mar 17 11:15:39 2023]
Finished job 1.
3 of 4 steps (75%) done
Select jobs to execute...

[Fri Mar 17 11:15:39 2023]
rule samtools_sort:
    input: mapped_reads/C.bam
    output: sorted_reads/C.bam
    jobid: 0
    reason: Missing output files: sorted_reads/C.bam; Input files updated by another job: mapped_reads/C.bam
    wildcards: sample=C
    resources: tmpdir=/tmp

[Fri Mar 17 11:15:39 2023]
Finished job 0.
4 of 4 steps (100%) done
Complete log: .snakemake/log/2023-03-17T111537.990981.snakemake.log
