Building DAG of jobs...
Using shell: /usr/bin/bash
Provided cores: 12
Rules claiming more threads will be scaled down.
Job stats:
job         count    min threads    max threads
--------  -------  -------------  -------------
all             1              1              1
download        9              1              1
total          10              1              1

Select jobs to execute...

[Fri Mar 17 11:46:41 2023]
rule download:
    output: J.bam
    jobid: 9
    reason: Missing output files: J.bam
    wildcards: sample=J
    resources: tmpdir=/tmp


[Fri Mar 17 11:46:41 2023]
rule download:
    output: A.bam
    jobid: 1
    reason: Missing output files: A.bam
    wildcards: sample=A
    resources: tmpdir=/tmp


[Fri Mar 17 11:46:41 2023]
rule download:
    output: E.bam
    jobid: 4
    reason: Missing output files: E.bam
    wildcards: sample=E
    resources: tmpdir=/tmp


[Fri Mar 17 11:46:41 2023]
rule download:
    output: G.bam
    jobid: 6
    reason: Missing output files: G.bam
    wildcards: sample=G
    resources: tmpdir=/tmp


[Fri Mar 17 11:46:41 2023]
rule download:
    output: I.bam
    jobid: 8
    reason: Missing output files: I.bam
    wildcards: sample=I
    resources: tmpdir=/tmp


[Fri Mar 17 11:46:41 2023]
rule download:
    output: B.bam
    jobid: 2
    reason: Missing output files: B.bam
    wildcards: sample=B
    resources: tmpdir=/tmp


[Fri Mar 17 11:46:41 2023]
rule download:
    output: D.bam
    jobid: 3
    reason: Missing output files: D.bam
    wildcards: sample=D
    resources: tmpdir=/tmp


[Fri Mar 17 11:46:41 2023]
rule download:
    output: F.bam
    jobid: 5
    reason: Missing output files: F.bam
    wildcards: sample=F
    resources: tmpdir=/tmp


[Fri Mar 17 11:46:41 2023]
rule download:
    output: H.bam
    jobid: 7
    reason: Missing output files: H.bam
    wildcards: sample=H
    resources: tmpdir=/tmp

[Fri Mar 17 11:46:42 2023]
Finished job 3.
1 of 10 steps (10%) done
[Fri Mar 17 11:46:42 2023]
Finished job 7.
2 of 10 steps (20%) done
[Fri Mar 17 11:46:43 2023]
Finished job 9.
3 of 10 steps (30%) done
[Fri Mar 17 11:46:43 2023]
Finished job 5.
4 of 10 steps (40%) done
[Fri Mar 17 11:46:44 2023]
Finished job 4.
5 of 10 steps (50%) done
[Fri Mar 17 11:46:44 2023]
Finished job 2.
6 of 10 steps (60%) done
[Fri Mar 17 11:46:44 2023]
Finished job 6.
7 of 10 steps (70%) done
[Fri Mar 17 11:46:44 2023]
Finished job 8.
8 of 10 steps (80%) done
[Fri Mar 17 11:46:44 2023]
Finished job 1.
9 of 10 steps (90%) done
Select jobs to execute...

[Fri Mar 17 11:46:44 2023]
localrule all:
    input: A.bam, B.bam, D.bam, E.bam, F.bam, G.bam, H.bam, I.bam, J.bam
    jobid: 0
    reason: Input files updated by another job: G.bam, J.bam, D.bam, F.bam, B.bam, A.bam, I.bam, E.bam, H.bam
    resources: tmpdir=/tmp

[Fri Mar 17 11:46:44 2023]
Finished job 0.
10 of 10 steps (100%) done
Complete log: .snakemake/log/2023-03-17T114641.456481.snakemake.log
